android-tv-app/app/build/outputs/mapping/release/seeds.txt
com.vugaenterprises.androidtv.MainActivity_GeneratedInjector
com.vugaenterprises.androidtv.ui.viewmodels.SearchViewModel
com.vugaenterprises.androidtv.ui.viewmodels.ProfileViewModel
com.vugaenterprises.androidtv.player.MediaBrowserService
com.vugaenterprises.androidtv.MainActivity
com.vugaenterprises.androidtv.data.api.ApiService
com.vugaenterprises.androidtv.ui.viewmodels.HistoryViewModel
com.vugaenterprises.androidtv.ui.viewmodels.HomeViewModel
com.vugaenterprises.androidtv.StreamingApplication_GeneratedInjector
com.vugaenterprises.androidtv.StreamingApplication
com.vugaenterprises.androidtv.player.MediaSessionService
com.vugaenterprises.androidtv.ui.viewmodels.ContentDetailViewModel
com.vugaenterprises.androidtv.ui.viewmodels.FavoritesViewModel
com.vugaenterprises.androidtv.ui.screens.FeaturedSliderView: void setOnContentClick(kotlin.jvm.functions.Function1)
com.vugaenterprises.androidtv.ui.screens.HomeScreenView: void setOnContentClick(kotlin.jvm.functions.Function1)
com.vugaenterprises.androidtv.data.api.ApiService: java.lang.Object getContentDetail(int,int,kotlin.coroutines.Continuation)
com.vugaenterprises.androidtv.ui.screens.ContentInfoView: void setOnBackClick(kotlin.jvm.functions.Function0)
com.vugaenterprises.androidtv.data.api.ApiService: java.lang.Object getHomeData(int,kotlin.coroutines.Continuation)
com.vugaenterprises.androidtv.ui.screens.ContentInfoView: void setOnCastMemberClick(kotlin.jvm.functions.Function1)
com.vugaenterprises.androidtv.ui.screens.ContentDetailView: void setOnPlayClick(kotlin.jvm.functions.Function1)
com.vugaenterprises.androidtv.StreamingApplication: StreamingApplication()
com.vugaenterprises.androidtv.ui.screens.FeaturedSliderView: void setContent(java.util.List)
com.vugaenterprises.androidtv.ui.screens.CastDetailView: void setOnBackClick(kotlin.jvm.functions.Function0)
com.vugaenterprises.androidtv.ui.screens.ContentRowView: void setTitle(java.lang.String)
com.vugaenterprises.androidtv.player.MediaSessionService: MediaSessionService()
com.vugaenterprises.androidtv.ui.screens.HomeScreenView: void setOnNavigateToSearch(kotlin.jvm.functions.Function0)
com.vugaenterprises.androidtv.ui.screens.HomeScreenView: void setOnNavigateToProfile(kotlin.jvm.functions.Function0)
com.vugaenterprises.androidtv.ui.screens.ContentDetailView: void setOnEpisodeClick(kotlin.jvm.functions.Function1)
com.vugaenterprises.androidtv.ui.screens.CastDetailView: void setOnContentClick(kotlin.jvm.functions.Function1)
com.vugaenterprises.androidtv.player.MediaBrowserService: MediaBrowserService()
com.vugaenterprises.androidtv.ui.screens.ContentDetailView: void setOnSeasonClick(kotlin.jvm.functions.Function1)
com.vugaenterprises.androidtv.ui.screens.ContentInfoView: void setContent(com.vugaenterprises.androidtv.data.model.Content)
com.vugaenterprises.androidtv.ui.screens.ContentDetailView: void setContent$lambda$14(com.vugaenterprises.androidtv.ui.screens.ContentDetailView)
com.vugaenterprises.androidtv.ui.screens.ContentDetailView: void setOnBackClick(kotlin.jvm.functions.Function0)
com.vugaenterprises.androidtv.data.api.ApiService: java.lang.Object searchContent(java.lang.String,int,int,kotlin.coroutines.Continuation)
com.vugaenterprises.androidtv.ui.screens.ContentDetailView: void setOnMoreInfoClick(kotlin.jvm.functions.Function1)
com.vugaenterprises.androidtv.ui.screens.ContentRowView: void setContent(java.util.List)
com.vugaenterprises.androidtv.ui.screens.ContentDetailView: void setContent(com.vugaenterprises.androidtv.data.model.Content)
com.vugaenterprises.androidtv.MainActivity: MainActivity()
com.vugaenterprises.androidtv.ui.screens.ContentDetailView: void setOnContentClick(kotlin.jvm.functions.Function1)
com.vugaenterprises.androidtv.ui.screens.ContentRowView: void setOnContentClick(kotlin.jvm.functions.Function1)
...
androidx.appcompat.widget.AppCompatImageView: void setSupportImageTintMode(android.graphics.PorterDuff$Mode)
androidx.media3.exoplayer.video.spherical.SphericalGLSurfaceView: void setUseSensorRotation(boolean)
androidx.appcompat.widget.AppCompatTextView: void setCustomSelectionActionModeCallback(android.view.ActionMode$Callback)
androidx.compose.foundation.text.selection.SelectionHandleAnchor: androidx.compose.foundation.text.selection.SelectionHandleAnchor[] values()
com.google.android.material.bottomappbar.BottomAppBar$Behavior: BottomAppBar$Behavior()
androidx.recyclerview.widget.RecyclerView: void setViewCacheExtension(androidx.recyclerview.widget.RecyclerView$ViewCacheExtension)
androidx.compose.ui.platform.AndroidComposeView: androidx.compose.ui.platform.AndroidAccessibilityManager getAccessibilityManager()
com.google.gson.LongSerializationPolicy: com.google.gson.LongSerializationPolicy[] values()
androidx.core.graphics.drawable.DrawableCompat$Api19Impl: android.graphics.drawable.Drawable getDrawable(android.graphics.drawable.InsetDrawable)
androidx.appcompat.widget.LinearLayoutCompat: void setShowDividers(int)
androidx.core.view.ViewCompat$Api16Impl: void setHasTransientState(android.view.View,boolean)
androidx.compose.ui.graphics.TileModeVerificationHelper: int getComposeTileModeDecal-3opZhB0()
com.google.android.material.behavior.HideBottomViewOnScrollBehavior: HideBottomViewOnScrollBehavior()
androidx.recyclerview.widget.RecyclerView: void setItemAnimator(androidx.recyclerview.widget.RecyclerView$ItemAnimator)
androidx.core.graphics.TypefaceCompatUtil$Api19Impl: android.os.ParcelFileDescriptor openFileDescriptor(android.content.ContentResolver,android.net.Uri,java.lang.String,android.os.CancellationSignal)
com.google.android.material.internal.CheckableImageButton: void setChecked(boolean)
androidx.compose.ui.platform.AndroidComposeView: androidx.compose.ui.autofill.AutofillTree getAutofillTree()
androidx.activity.Api34Impl: int swipeEdge(android.window.BackEvent)
com.google.android.material.textfield.TextInputLayout: java.lang.CharSequence getPlaceholderText()
androidx.fragment.app.SpecialEffectsController$Operation$LifecycleImpact: androidx.fragment.app.SpecialEffectsController$Operation$LifecycleImpact valueOf(java.lang.String)
androidx.core.graphics.drawable.IconCompat$Api30Impl: android.graphics.drawable.Icon createWithAdaptiveBitmapContentUri(android.net.Uri)
androidx.core.app.AppOpsManagerCompat$Api29Impl: android.app.AppOpsManager getSystemService(android.content.Context)
com.google.android.material.button.MaterialButton: android.content.res.ColorStateList getSupportBackgroundTintList()
com.google.android.material.textfield.TextInputLayout: void setHint(java.lang.CharSequence)
androidx.core.graphics.drawable.DrawableCompat$Api19Impl: android.graphics.drawable.Drawable getChild(android.graphics.drawable.DrawableContainer$DrawableContainerState,int)
androidx.appcompat.view.menu.ListMenuItemView: ListMenuItemView(android.content.Context,android.util.AttributeSet)
kotlinx.coroutines.channels.BufferOverflow: kotlinx.coroutines.channels.BufferOverflow[] values()
com.google.common.collect.Maps$EntryFunction: com.google.common.collect.Maps$EntryFunction valueOf(java.lang.String)
com.google.android.material.button.MaterialButton: void setPressed(boolean)
androidx.media3.ui.PlayerView: void setShowPlayButtonIfPlaybackIsSuppressed(boolean)
androidx.profileinstaller.FileSectionType: androidx.profileinstaller.FileSectionType[] values()
androidx.media.AudioAttributesImplApi21Parcelizer: void write(androidx.media.AudioAttributesImplApi21,androidx.versionedparcelable.VersionedParcel)
androidx.appcompat.widget.AppCompatTextHelper$Api17Impl: void setTextLocale(android.widget.TextView,java.util.Locale)
androidx.compose.foundation.text.HandleState: androidx.compose.foundation.text.HandleState[] values()